INFO 2025-09-14 12:56:48,751 autoreload 1388770 140266657595648 Watching for file changes with StatReloader
INFO 2025-09-14 13:00:51,766 autoreload 1391988 139687753441536 Watching for file changes with StatReloader
INFO 2025-09-14 13:03:31,104 autoreload 1391988 139687753441536 /home/ghost/jobportal/accounts/views.py changed, reloading.
INFO 2025-09-14 13:03:32,685 autoreload 1393761 139841860579584 Watching for file changes with StatReloader
INFO 2025-09-14 13:03:45,135 autoreload 1393761 139841860579584 /home/ghost/jobportal/accounts/urls.py changed, reloading.
INFO 2025-09-14 13:03:46,585 autoreload 1393969 140226587164928 Watching for file changes with StatReloader
INFO 2025-09-14 13:04:09,197 autoreload 1394362 139979804467456 Watching for file changes with StatReloader
INFO 2025-09-14 13:20:15,170 autoreload 1405509 140198626185472 Watching for file changes with StatReloader
INFO 2025-09-14 13:22:09,426 autoreload 1405509 140198626185472 /home/ghost/jobportal/jobportal/settings.py changed, reloading.
INFO 2025-09-14 16:19:02,235 autoreload 1524609 139973422387456 Watching for file changes with StatReloader
INFO 2025-09-14 16:22:24,886 autoreload 1527032 140255355953408 Watching for file changes with StatReloader
INFO 2025-09-14 16:24:52,055 autoreload 1527032 140255355953408 /home/ghost/jobportal/jobportal/settings.py changed, reloading.
INFO 2025-09-14 16:24:55,201 autoreload 1528715 140183939162368 Watching for file changes with StatReloader
INFO 2025-09-14 16:24:58,853 autoreload 1528715 140183939162368 /home/ghost/jobportal/jobportal/settings.py changed, reloading.
INFO 2025-09-15 09:10:53,240 autoreload 526359 140673511608576 Watching for file changes with StatReloader
INFO 2025-09-15 09:11:29,271 autoreload 526359 140673511608576 /home/ghost/jobportal/jobportal/urls.py changed, reloading.
INFO 2025-09-15 09:11:29,955 autoreload 526733 140536823718144 Watching for file changes with StatReloader
INFO 2025-09-15 09:11:37,363 autoreload 526891 139866586571008 Watching for file changes with StatReloader
INFO 2025-09-15 10:13:15,841 autoreload 570033 139927114014976 Watching for file changes with StatReloader
INFO 2025-09-15 10:43:18,047 autoreload 590013 140399648669952 Watching for file changes with StatReloader
INFO 2025-09-15 11:09:17,718 basehttp 590013 140399544985280 "POST //auth/register/%0A HTTP/1.1" 301 0
INFO 2025-09-15 11:09:17,729 basehttp 590013 140399536592576 code 400, message Bad request version ('À\x13À')
ERROR 2025-09-15 11:09:17,736 basehttp 590013 140399536592576 You're accessing the development server over HTTPS, but it only supports HTTP.
INFO 2025-09-15 11:10:24,074 basehttp 590013 140399536592576 "POST /auth/register/%0A HTTP/1.1" 301 0
INFO 2025-09-15 11:10:24,083 basehttp 590013 140399536592576 code 400, message Bad request version ('ÿ')
ERROR 2025-09-15 11:10:24,085 basehttp 590013 140399536592576 You're accessing the development server over HTTPS, but it only supports HTTP.
INFO 2025-09-15 11:12:11,914 basehttp 590013 140399536592576 "POST /auth/register/%0A HTTP/1.1" 301 0
INFO 2025-09-15 11:12:11,928 basehttp 590013 140399536592576 code 400, message Bad request version ('À\x13À')
ERROR 2025-09-15 11:12:11,936 basehttp 590013 140399536592576 You're accessing the development server over HTTPS, but it only supports HTTP.
INFO 2025-09-15 11:26:48,032 autoreload 619940 140044883665152 Watching for file changes with StatReloader
INFO 2025-09-15 11:27:21,348 basehttp 619940 140044780267200 "POST /auth/register/%0A HTTP/1.1" 301 0
INFO 2025-09-15 11:27:21,356 basehttp 619940 140044780267200 code 400, message Bad request version ('À\x13À')
ERROR 2025-09-15 11:27:21,356 basehttp 619940 140044780267200 You're accessing the development server over HTTPS, but it only supports HTTP.
INFO 2025-09-15 11:29:55,784 basehttp 619940 140044780267200 "POST /auth/register/%0A HTTP/1.1" 301 0
INFO 2025-09-15 11:29:55,787 basehttp 619940 140044780267200 code 400, message Bad request version ('À\x13À')
ERROR 2025-09-15 11:29:55,789 basehttp 619940 140044780267200 You're accessing the development server over HTTPS, but it only supports HTTP.
INFO 2025-09-15 11:30:16,630 basehttp 619940 140044780267200 "POST /auth/register/%0A HTTP/1.1" 301 0
INFO 2025-09-15 11:30:16,633 basehttp 619940 140044780267200 code 400, message Bad request version ('À\x13À')
ERROR 2025-09-15 11:30:16,634 basehttp 619940 140044780267200 You're accessing the development server over HTTPS, but it only supports HTTP.
INFO 2025-09-15 11:41:29,698 autoreload 629418 140538909577472 Watching for file changes with StatReloader
INFO 2025-09-18 17:32:21,569 autoreload 3536745 140623217115392 Watching for file changes with StatReloader
INFO 2025-09-18 17:32:32,752 autoreload 3536745 140623217115392 /home/ghost/jobportal/jobportal/settings.py changed, reloading.
INFO 2025-09-18 17:32:34,908 autoreload 3536995 140692707062016 Watching for file changes with StatReloader
INFO 2025-09-18 17:41:10,473 autoreload 3536995 140692707062016 /home/ghost/jobportal/panel/urls.py changed, reloading.
INFO 2025-09-18 17:41:17,088 autoreload 3543394 140218925973760 Watching for file changes with StatReloader
INFO 2025-09-18 17:41:35,114 autoreload 3543755 140445415461120 Watching for file changes with StatReloader
INFO 2025-09-18 17:42:45,780 autoreload 3544690 140606338449664 Watching for file changes with StatReloader
INFO 2025-09-18 18:28:55,541 autoreload 3544690 140606338449664 /home/ghost/jobportal/panel/views.py changed, reloading.
INFO 2025-09-18 18:28:59,489 autoreload 3574941 139641942991104 Watching for file changes with StatReloader
INFO 2025-09-18 18:29:46,418 autoreload 3574941 139641942991104 /home/ghost/jobportal/panel/views.py changed, reloading.
INFO 2025-09-18 18:29:48,811 autoreload 3575537 139752791576832 Watching for file changes with StatReloader
INFO 2025-09-18 18:31:01,033 autoreload 3575537 139752791576832 /home/ghost/jobportal/panel/views.py changed, reloading.
INFO 2025-09-18 18:31:03,314 autoreload 3576379 140666013810944 Watching for file changes with StatReloader
INFO 2025-09-18 18:31:59,636 autoreload 3576379 140666013810944 /home/ghost/jobportal/panel/views.py changed, reloading.
INFO 2025-09-18 18:32:01,738 autoreload 3577012 140514548506880 Watching for file changes with StatReloader
INFO 2025-09-18 18:35:39,345 basehttp 3577012 140514448991936 "GET / HTTP/1.1" 301 0
INFO 2025-09-18 18:35:39,497 basehttp 3577012 140514448991936 code 400, message Bad HTTP/0.9 request type ('\x16\x03\x01\x02z\x01\x00\x02v\x03\x03ã\x01H')
ERROR 2025-09-18 18:35:39,500 basehttp 3577012 140514448991936 You're accessing the development server over HTTPS, but it only supports HTTP.
INFO 2025-09-18 18:35:39,523 basehttp 3577012 140514448991936 code 400, message Bad request version ('s8åÅrU\x82\x89ËÀ\x84\x92ÙA\x90æå\x10wAý#!\x84),\x90\x177Eù½\x00"\x13\x01\x13\x03\x13\x02À+À/Ì©Ì¨À,À0À')
ERROR 2025-09-18 18:35:39,523 basehttp 3577012 140514448991936 You're accessing the development server over HTTPS, but it only supports HTTP.
INFO 2025-09-18 18:37:32,982 autoreload 3577012 140514548506880 /home/ghost/jobportal/panel/views.py changed, reloading.
INFO 2025-09-18 18:37:35,915 autoreload 3580821 140234905030912 Watching for file changes with StatReloader
INFO 2025-09-18 18:38:10,256 basehttp 3580821 140234804258496 "OPTIONS //api/jobs/post/ HTTP/1.1" 200 0
INFO 2025-09-18 18:38:11,269 basehttp 3580821 140234804258496 "OPTIONS //api/jobs/post/ HTTP/1.1" 200 0
